Flow report for Nios2Computer
Sat Feb 15 11:01:16 2025
Quartus Prime Version 20.1.1 Build 720 11/11/2020 Patches 1.01std SJ Lite Edition


---------------------
; Table of Contents ;
---------------------
  1. Legal Notice
  2. Flow Summary
  3. Flow Settings
  4. Flow Non-Default Global Settings
  5. Flow Elapsed Time
  6. Flow OS Summary
  7. Flow Log
  8. Flow Messages
  9. Flow Suppressed Messages



----------------
; Legal Notice ;
----------------
Copyright (C) 2020  Intel Corporation. All rights reserved.
Your use of Intel Corporation's design tools, logic functions 
and other software and tools, and any partner logic 
functions, and any output files from any of the foregoing 
(including device programming or simulation files), and any 
associated documentation or information are expressly subject 
to the terms and conditions of the Intel Program License 
Subscription Agreement, the Intel Quartus Prime License Agreement,
the Intel FPGA IP License Agreement, or other applicable license
agreement, including, without limitation, that your use is for
the sole purpose of programming logic devices manufactured by
Intel and sold by Intel or its authorized distributors.  Please
refer to the applicable agreement for further details, at
https://fpgasoftware.intel.com/eula.



+--------------------------------------------------------------------------------------------------+
; Flow Summary                                                                                     ;
+------------------------------------+-------------------------------------------------------------+
; Flow Status                        ; Successful - Sat Feb 15 11:01:05 2025                       ;
; Quartus Prime Version              ; 20.1.1 Build 720 11/11/2020 Patches 1.01std SJ Lite Edition ;
; Revision Name                      ; Nios2Computer                                               ;
; Top-level Entity Name              ; Nios2Computer                                               ;
; Family                             ; Cyclone IV E                                                ;
; Device                             ; EP4CE22F17C6                                                ;
; Timing Models                      ; Final                                                       ;
; Total logic elements               ; 3,429 / 22,320 ( 15 % )                                     ;
;     Total combinational functions  ; 3,029 / 22,320 ( 14 % )                                     ;
;     Dedicated logic registers      ; 2,055 / 22,320 ( 9 % )                                      ;
; Total registers                    ; 2055                                                        ;
; Total pins                         ; 10 / 154 ( 6 % )                                            ;
; Total virtual pins                 ; 0                                                           ;
; Total memory bits                  ; 210,048 / 608,256 ( 35 % )                                  ;
; Embedded Multiplier 9-bit elements ; 6 / 132 ( 5 % )                                             ;
; Total PLLs                         ; 0 / 4 ( 0 % )                                               ;
+------------------------------------+-------------------------------------------------------------+


+-----------------------------------------+
; Flow Settings                           ;
+-------------------+---------------------+
; Option            ; Setting             ;
+-------------------+---------------------+
; Start date & time ; 02/15/2025 10:58:16 ;
; Main task         ; Compilation         ;
; Revision Name     ; Nios2Computer       ;
+-------------------+---------------------+


+--------------------------------------------------------------------------------------------------------------------------------------------------+
; Flow Non-Default Global Settings                                                                                                                 ;
+-------------------------------------+-----------------------------------------------------------------+---------------+-------------+------------+
; Assignment Name                     ; Value                                                           ; Default Value ; Entity Name ; Section Id ;
+-------------------------------------+-----------------------------------------------------------------+---------------+-------------+------------+
; COMPILER_SIGNATURE_ID               ; 141623898801447.173964589612624                                 ; --            ; --          ; --         ;
; MAX_CORE_JUNCTION_TEMP              ; 85                                                              ; --            ; --          ; --         ;
; MIN_CORE_JUNCTION_TEMP              ; 0                                                               ; --            ; --          ; --         ;
; MISC_FILE                           ; Nios2Computer/synthesis/../Nios2Computer.cmp                    ; --            ; --          ; --         ;
; MISC_FILE                           ; Nios2Computer/synthesis/../../Nios2Computer.qsys                ; --            ; --          ; --         ;
; NOMINAL_CORE_SUPPLY_VOLTAGE         ; 1.2V                                                            ; --            ; --          ; --         ;
; PARTITION_COLOR                     ; -- (Not supported for targeted family)                          ; --            ; --          ; Top        ;
; PARTITION_FITTER_PRESERVATION_LEVEL ; -- (Not supported for targeted family)                          ; --            ; --          ; Top        ;
; PARTITION_NETLIST_TYPE              ; -- (Not supported for targeted family)                          ; --            ; --          ; Top        ;
; POWER_BOARD_THERMAL_MODEL           ; None (CONSERVATIVE)                                             ; --            ; --          ; --         ;
; POWER_PRESET_COOLING_SOLUTION       ; 23 MM HEAT SINK WITH 200 LFPM AIRFLOW                           ; --            ; --          ; --         ;
; PROJECT_OUTPUT_DIRECTORY            ; output_files                                                    ; --            ; --          ; --         ;
; SLD_FILE                            ; Nios2Computer/synthesis/Nios2Computer.regmap                    ; --            ; --          ; --         ;
; SLD_FILE                            ; Nios2Computer/synthesis/Nios2Computer.debuginfo                 ; --            ; --          ; --         ;
; SLD_INFO                            ; QSYS_NAME Nios2Computer HAS_SOPCINFO 1 GENERATION_ID 1739331963 ; --            ; --          ; --         ;
; SOPCINFO_FILE                       ; Nios2Computer/synthesis/../../Nios2Computer.sopcinfo            ; --            ; --          ; --         ;
; SYNTHESIS_ONLY_QIP                  ; On                                                              ; --            ; --          ; --         ;
+-------------------------------------+-----------------------------------------------------------------+---------------+-------------+------------+


+--------------------------------------------------------------------------------------------------------------------------+
; Flow Elapsed Time                                                                                                        ;
+----------------------+--------------+-------------------------+---------------------+------------------------------------+
; Module Name          ; Elapsed Time ; Average Processors Used ; Peak Virtual Memory ; Total CPU Time (on all processors) ;
+----------------------+--------------+-------------------------+---------------------+------------------------------------+
; Analysis & Synthesis ; 00:01:28     ; 1.0                     ; 4935 MB             ; 00:01:27                           ;
; Fitter               ; 00:00:54     ; 1.0                     ; 5319 MB             ; 00:00:26                           ;
; Assembler            ; 00:00:05     ; 1.0                     ; 4699 MB             ; 00:00:03                           ;
; Timing Analyzer      ; 00:00:09     ; 1.1                     ; 4811 MB             ; 00:00:06                           ;
; Total                ; 00:02:36     ; --                      ; --                  ; 00:02:02                           ;
+----------------------+--------------+-------------------------+---------------------+------------------------------------+


+------------------------------------------------------------------------------------+
; Flow OS Summary                                                                    ;
+----------------------+------------------+------------+------------+----------------+
; Module Name          ; Machine Hostname ; OS Name    ; OS Version ; Processor type ;
+----------------------+------------------+------------+------------+----------------+
; Analysis & Synthesis ; DESKTOP-EG7R3D0  ; Windows 10 ; 10.0       ; x86_64         ;
; Fitter               ; DESKTOP-EG7R3D0  ; Windows 10 ; 10.0       ; x86_64         ;
; Assembler            ; DESKTOP-EG7R3D0  ; Windows 10 ; 10.0       ; x86_64         ;
; Timing Analyzer      ; DESKTOP-EG7R3D0  ; Windows 10 ; 10.0       ; x86_64         ;
+----------------------+------------------+------------+------------+----------------+


------------
; Flow Log ;
------------
quartus_map --read_settings_files=on --write_settings_files=off Nios2Computer -c Nios2Computer
quartus_fit --read_settings_files=off --write_settings_files=off Nios2Computer -c Nios2Computer
quartus_asm --read_settings_files=off --write_settings_files=off Nios2Computer -c Nios2Computer
quartus_sta Nios2Computer -c Nios2Computer



